Case #1: 1 0 0 0 1 
Case #2: 0 0 0 
Case #3: 0 0 0 0 1 1 0 1 0 1 1 1 1 0 
Case #4: 0 0 0 1 0 1 1 0 
Case #5: 3 2 3 4 1 4 0 0 1 1 4 2 5 2 5 0 2 0 3 3 1 6 1 2 2 
Case #6: 2 1 0 2 2 1 2 0 3 3 0 3 4 0 4 1 2 5 4 1 5 4 2 1 
Case #7: 0 0 0 1 2 3 4 5 6 7 8 9 10 11 12 13 14 15 16 17 18 19 20 21 22 23 24 25 26 27 
Case #8: 1 0 0 1 2 2 2 0 3 3 1 4 3 3 4 2 1 5 3 3 2 3 2 5 4 0 4 1 4 6 
Case #9: 0 0 0 0 0 0 0 0 0 0 0 0 0 0 0 0 0 0 0 0 0 0 0 0 0 0 0 0 0 0 
Case #10: 3 2 1 3 4 0 2 0 0 4 3 5 
Case #11: 0 0 0 1 0 0 0 1 0 1 2 1 2 3 3 2 1 3 1 1 2 4 4 2 2 
Case #12: 0 0 0 0 0 1 0 2 1 3 
Case #13: 0 0 1 1 1 2 0 3 1 4 0 2 3 1 3 3 1 0 4 4 5 2 3 1 2 4 0 3 
Case #14: 0 0 0 1 0 2 
Case #15: 1 2 0 2 0 3 2 4 5 0 6 
Case #16: 0 1 0 0 1 2 3 1 2 
Case #17: 2 1 2 0 3 4 0 2 1 5 2 3 2 5 6 1 3 2 4 2 0 3 3 1 
Case #18: 0 0 0 1 1 2 3 1 2 2 3 3 1 0 4 1 4 5 1 3 5 1 
Case #19: 0 0 0 1 0 1 0 1 1 1 2 1 1 2 1 2 1 3 1 2 2 1 
Case #20: 1 2 2 0 0 0 1 2 3 1 1 2 3 3 1 3 0 2 1 2 2 3 3 
Case #21: 0 1 1 0 0 
Case #22: 2 1 2 0 3 2 0 0 3 4 4 4 1 4 
Case #23: 1 0 2 0 1 2 1 0 
Case #24: 0 1 0 1 2 2 0 
Case #25: 0 1 0 1 2 0 2 
Case #26: 1 0 2 1 3 0 0 3 4 5 4 2 1 1 4 5 
Case #27: 2 3 3 1 3 4 5 4 4 6 2 0 5 0 4 0 3 5 5 6 5 5 3 6 5 
Case #28: 1 0 2 1 0 3 0 0 0 1 0 1 0 3 1 1 1 1 2 2 
Case #29: 1 0 0 0 
Case #30: 0 0 0 1 
Case #31: 0 1 2 2 1 0 0 2 0 0 3 1 1 1 1 2 2 3 
Case #32: 1 0 0 0 1 1 0 2 2 2 1 0 2 0 1 0 3 0 2 2 2 0 1 0 1 
Case #33: 0 0 0 1 1 1 1 0 1 1 2 0 2 2 0 1 1 3 2 3 2 1 2 1 2 0 1 3 2 
Case #34: 0 0 0 0 1 1 
Case #35: 3 4 5 6 7 2 1 3 3 8 0 0 2 1 0 1 3 9 2 4 6 4 0 
Case #36: 0 0 0 0 1 0 2 1 1 2 1 1 2 
Case #37: 0 0 0 1 1 2 0 2 1 3 1 1 2 1 2 0 4 2 5 0 1 2 
Case #38: 2 1 0 2 2 2 3 3 4 3 4 4 0 0 
Case #39: 1 0 2 3 0 2 0 3 1 0 1 3 1 2 4 3 4 3 3 5 3 3 3 6 4 4 5 6 1 7 
Case #40: 0 0 0 0 0 1 1 1 1 2 1 3 1 2 1 0 
Case #41: 0 0 1 0 0 
Case #42: 1 2 0 0 0 0 1 1 
Case #43: 1 0 0 1 1 0 
Case #44: 0 1 0 2 2 0 1 
Case #45: 0 0 0 1 1 0 0 
Case #46: 0 0 1 2 2 3 4 1 4 2 2 4 1 1 3 0 3 3 2 2 4 4 1 3 4 3 2 1 0 1 
Case #47: 1 2 0 3 0 2 1 0 4 
Case #48: 0 0 0 1 1 
Case #49: 3 4 4 5 5 2 5 5 5 1 2 4 3 5 0 5 0 6 3 6 5 4 6 0 5 
Case #50: 1 0 0 0 1 1 0 
Case #51: 1 2 0 2 1 0 1 2 2 1 3 2 0 3 
Case #52: 0 0 1 0 1 1 1 0 0 2 1 1 
Case #53: 1 0 0 2 1 2 3 3 2 3 0 1 0 0 3 2 4 4 1 5 2 2 4 5 5 3 1 6 
Case #54: 0 0 1 1 2 0 0 1 2 0 3 2 0 3 
Case #55: 0 0 0 0 0 1 1 1 1 1 1 0 2 0 1 2 1 1 
Case #56: 2 3 1 3 3 3 0 0 4 1 5 4 4 2 5 0 5 5 0 
Case #57: 0 0 1 0 
Case #58: 0 0 1 0 0 2 1 1 1 1 1 2 0 1 2 
Case #59: 0 1 0 1 2 1 0 1 2 2 0 
Case #60: 2 1 3 2 0 0 0 3 1 2 1 2 1 4 0 0 1 4 0 2 
Case #61: 0 0 1 1 1 2 1 1 3 0 2 2 1 2 2 1 2 0 2 4 3 2 2 0 3 3 2 
Case #62: 0 0 0 1 0 1 0 1 1 1 2 2 0 2 0 3 4 2 1 1 2 5 
Case #63: 0 0 1 1 2 1 3 2 2 4 0 4 2 1 5 
Case #64: 0 0 1 0 0 0 1 2 0 1 0 1 2 1 1 1 2 2 2 1 
Case #65: 0 0 1 2 0 1 2 2 3 1 2 
Case #66: 0 0 0 0 0 1 0 1 1 
Case #67: 0 0 1 0 2 1 2 0 2 3 1 3 2 3 4 3 5 4 
Case #68: 0 1 2 0 3 1 0 2 0 0 1 
Case #69: 1 0 0 1 0 2 1 0 0 1 0 2 1 2 
Case #70: 0 0 1 1 0 1 1 1 2 1 3 3 0 3 0 1 4 1 1 2 2 2 0 2 0 1 2 2 3 2 
Case #71: 0 1 1 2 2 3 0 4 5 1 6 7 0 6 4 0 5 8 2 1 8 8 3 9 5 
Case #72: 0 1 0 0 0 2 1 2 0 1 3 1 2 3 4 0 4 2 2 1 3 3 4 1 5 2 
Case #73: 1 2 0 1 0 2 2 0 1 2 3 2 4 2 1 1 3 1 3 2 2 3 3 
Case #74: 0 0 0 0 1 0 1 0 1 2 0 0 3 2 0 1 1 3 2 2 0 2 2 
Case #75: 2 1 0 1 0 1 2 2 1 3 1 1 2 2 2 2 2 3 1 3 0 1 3 2 1 0 3 2 1 2 
Case #76: 1 0 2 3 0 1 0 
Case #77: 1 0 0 1 2 3 2 4 1 1 3 1 3 0 0 2 2 
Case #78: 0 0 1 2 3 1 1 0 1 1 2 2 3 0 1 3 
Case #79: 0 0 0 1 2 1 1 2 3 0 1 2 
Case #80: 0 0 0 1 1 2 2 0 1 1 2 2 3 2 1 2 2 0 3 3 3 2 3 4 2 4 
Case #81: 27 26 25 24 23 22 21 20 19 18 17 16 15 14 13 12 11 10 9 8 7 6 5 4 3 2 1 0 0 0 
Case #82: 1 0 0 0 0 1 1 1 1 1 2 2 1 1 1 1 0 2 2 2 1 
Case #83: 0 1 0 0 2 0 1 1 2 1 1 2 3 1 2 1 2 2 2 3 2 2 2 3 3 2 
Case #84: 0 1 0 0 2 
Case #85: 0 1 0 1 0 1 2 1 1 0 2 3 0 2 3 
Case #86: 0 0 0 0 1 
Case #87: 0 0 0 0 1 0 1 0 1 
Case #88: 1 0 0 1 2 0 
Case #89: 0 0 1 1 0 1 0 1 1 2 3 
Case #90: 0 0 0 1 0 0 1 1 2 2 1 3 1 2 2 2 2 0 
Case #91: 1 0 0 0 1 0 2 2 0 1 
Case #92: 0 0 1 1 0 0 
Case #93: 1 0 0 0 1 0 2 2 
Case #94: 0 1 1 0 2 3 4 1 2 2 0 0 1 2 1 1 1 2 2 2 3 3 2 2 4 3 2 
Case #95: 0 0 1 1 0 
Case #96: 0 1 0 0 2 0 
Case #97: 0 0 1 1 0 2 
Case #98: 0 0 0 1 1 2 2 1 3 2 4 2 2 0 2 2 5 4 3 
Case #99: 0 0 1 1 2 1 0 2 1 0 1 1 3 1 2 1 0 3 0 2 2 1 3 2 0 1 3 2 1 
Case #100: 3 2 3 4 1 3 0 3 0 0 3 1 3 3 1 1 1 1 1 2 5 2 2 2 4 2 2 2 3 
